0 info it worked if it ends with ok
1 verbose cli [ 'node',
1 verbose cli   'C:\\Users\\newheat\\AppData\\Roaming\\npm\\node_modules\\cnpm\\node_modules\\npm\\bin\\npm-cli.js',
1 verbose cli   '--userconfig=C:\\Users\\newheat\\.cnpmrc',
1 verbose cli   '--disturl=http://npm.taobao.org/mirrors/node',
1 verbose cli   '--cache=C:\\Users\\newheat\\.cnpm',
1 verbose cli   '--registry=http://registry.npm.taobao.org',
1 verbose cli   '--node-gyp=C:\\Users\\newheat\\AppData\\Roaming\\npm\\node_modules\\cnpm\\node_modules\\pangyp\\bin\\node-gyp.js',
1 verbose cli   'publish' ]
2 info using npm@2.7.3
3 info using node@v0.12.0
4 verbose publish [ '.' ]
5 silly cache add args [ '.', null ]
6 verbose cache add spec .
7 silly cache add parsed spec { raw: '.',
7 silly cache add   scope: null,
7 silly cache add   name: null,
7 silly cache add   rawSpec: '.',
7 silly cache add   spec: 'E:\\fis-demo\\fis-hand',
7 silly cache add   type: 'directory' }
8 verbose addLocalDirectory C:\Users\newheat\.cnpm\hand\0.0.1\package.tgz not in flight; packing
9 verbose tar pack [ 'C:\\Users\\newheat\\.cnpm\\hand\\0.0.1\\package.tgz',
9 verbose tar pack   'E:\\fis-demo\\fis-hand' ]
10 verbose tarball C:\Users\newheat\.cnpm\hand\0.0.1\package.tgz
11 verbose folder E:\fis-demo\fis-hand
12 info prepublish hand@0.0.1
13 verbose addLocalTarball adding from inside cache C:\Users\newheat\.cnpm\hand\0.0.1\package.tgz
14 silly cache afterAdd hand@0.0.1
15 verbose afterAdd C:\Users\newheat\.cnpm\hand\0.0.1\package\package.json not in flight; writing
16 verbose afterAdd C:\Users\newheat\.cnpm\hand\0.0.1\package\package.json written
17 silly publish { name: 'hand',
17 silly publish   version: '0.0.1',
17 silly publish   description: 'hand',
17 silly publish   main: 'index.js',
17 silly publish   scripts: { test: 'echo "Error: no test specified" && exit 1' },
17 silly publish   keywords: [ 'fis' ],
17 silly publish   author: { name: 'xbc' },
17 silly publish   license: 'BSD',
17 silly publish   dependencies:
17 silly publish    { fis: '^1.9.11',
17 silly publish      'fis-lint-jshint': '0.0.10',
17 silly publish      'fis-parser-sass': '^0.3.5',
17 silly publish      'fis-parser-utc': '0.0.2',
17 silly publish      'fis-postpackager-autoload': '0.0.19',
17 silly publish      'fis-postpackager-simple': '0.0.23',
17 silly publish      'fis-postprocessor-require-async': '0.0.9',
17 silly publish      'fis-preprocessor-cssprefixer': '0.0.2' },
17 silly publish   readme: 'fis-hand\n====\n\n基于fis-pure修改自用解决方案\n',
17 silly publish   readmeFilename: 'README.md',
17 silly publish   _id: 'hand@0.0.1',
17 silly publish   _shasum: '542e017e9f3a6246ca0bc50b4a63fbc3725c36d7',
17 silly publish   _from: '.' }
18 silly mapToRegistry name hand
19 silly mapToRegistry using default registry
20 silly mapToRegistry registry http://registry.npm.taobao.org/
21 silly mapToRegistry uri http://registry.npm.taobao.org/hand
22 verbose publish registryBase http://registry.npm.taobao.org/
23 silly publish uploading C:\Users\newheat\.cnpm\hand\0.0.1\package.tgz
24 verbose request uri http://registry.npm.taobao.org/hand
25 verbose request sending authorization for write operation
26 info attempt registry request try #1 at 19:19:14
27 verbose request id cc2f4755f00c2034
28 http request PUT http://registry.npm.taobao.org/hand
29 http 403 http://registry.npm.taobao.org/hand
30 verbose headers { server: 'nginx/1.1.19',
30 verbose headers   date: 'Thu, 02 Apr 2015 11:19:20 GMT',
30 verbose headers   'content-type': 'application/json; charset=utf-8',
30 verbose headers   'transfer-encoding': 'chunked',
30 verbose headers   connection: 'keep-alive',
30 verbose headers   'x-readtime': '8',
30 verbose headers   'content-encoding': 'gzip' }
31 verbose request invalidating C:\Users\newheat\.cnpm\registry.npm.taobao.org\hand on PUT
32 error publish Failed PUT 403
33 verbose stack Error: no_perms Private mode enable, only admin can publish this module: hand
33 verbose stack     at CachingRegistryClient.<anonymous> (C:\Users\newheat\AppData\Roaming\npm\node_modules\cnpm\node_modules\npm\node_modules\npm-registry-client\lib\request.js:254:14)
33 verbose stack     at C:\Users\newheat\AppData\Roaming\npm\node_modules\cnpm\node_modules\npm\node_modules\npm-registry-client\lib\request.js:184:7
33 verbose stack     at Gunzip.onEnd (zlib.js:227:5)
33 verbose stack     at Gunzip.emit (events.js:129:20)
33 verbose stack     at _stream_readable.js:908:16
33 verbose stack     at process._tickCallback (node.js:355:11)
34 verbose statusCode 403
35 verbose pkgid hand
36 verbose cwd E:\fis-demo\fis-hand
37 error Windows_NT 6.1.7601
38 error argv "node" "C:\\Users\\newheat\\AppData\\Roaming\\npm\\node_modules\\cnpm\\node_modules\\npm\\bin\\npm-cli.js" "--userconfig=C:\\Users\\newheat\\.cnpmrc" "--disturl=http://npm.taobao.org/mirrors/node" "--cache=C:\\Users\\newheat\\.cnpm" "--registry=http://registry.npm.taobao.org" "--node-gyp=C:\\Users\\newheat\\AppData\\Roaming\\npm\\node_modules\\cnpm\\node_modules\\pangyp\\bin\\node-gyp.js" "publish"
39 error node v0.12.0
40 error npm  v2.7.3
41 error code E403
42 error no_perms Private mode enable, only admin can publish this module: hand
43 error If you need help, you may report this error at:
43 error     <https://github.com/npm/npm/issues>
44 verbose exit [ 1, true ]
